<?xml version="1.0" encoding="UTF-8"?>
<testng-results ignored="0" total="1" passed="1" failed="0" skipped="0">
  <reporter-output>
  </reporter-output>
  <suite started-at="2018-10-18T07:06:04Z" name="Suite" finished-at="2018-10-18T07:06:47Z" duration-ms="43407">
    <groups>
    </groups>
    <test started-at="2018-10-18T07:06:04Z" name="Test" finished-at="2018-10-18T07:06:47Z" duration-ms="43407">
      <class name="com.Wallethub_Test.WallethubTest">
        <test-method is-config="true" signature="initialize()[pri:0, instance:com.Wallethub_Test.WallethubTest@1cdc4c27]" started-at="2018-10-18T07:06:04Z" name="initialize" finished-at="2018-10-18T07:06:24Z" duration-ms="20174" status="PASS">
          <reporter-output>
          </reporter-output>
        </test-method> <!-- initialize -->
        <test-method signature="Validate_InsurancePage_ReviewSubmission()[pri:0, instance:com.Wallethub_Test.WallethubTest@1cdc4c27]" started-at="2018-10-18T07:06:24Z" name="Validate_InsurancePage_ReviewSubmission" finished-at="2018-10-18T07:06:45Z" duration-ms="20937" status="PASS">
          <reporter-output>
          </reporter-output>
        </test-method> <!-- Validate_InsurancePage_ReviewSubmission -->
        <test-method is-config="true" signature="endTest()[pri:0, instance:com.Wallethub_Test.WallethubTest@1cdc4c27]" started-at="2018-10-18T07:06:45Z" name="endTest" finished-at="2018-10-18T07:06:47Z" duration-ms="2257" status="PASS">
          <reporter-output>
          </reporter-output>
        </test-method> <!-- endTest -->
      </class> <!-- com.Wallethub_Test.WallethubTest -->
    </test> <!-- Test -->
  </suite> <!-- Suite -->
</testng-results>
